<?xml version="1.0" encoding="UTF-8"?>
<!-- Generated by org.testng.reporters.JUnitXMLReporter -->
<testsuite ignored="9" hostname="MANUBIRADAR" failures="0" tests="1" name="Default test(failed)" time="3.707" errors="0" timestamp="2023-01-15T09:40:38 IST">
  <testcase classname="demoqa.com.LoginTest" name="@AfterTest afterTest" time="0.352">
    <failure type="org.openqa.selenium.remote.UnreachableBrowserException" message="Error communicating with the remote browser. It may have died.
Build info: version: &amp;apos;3.5.3&amp;apos;, revision: &amp;apos;a88d25fe6b&amp;apos;, time: &amp;apos;2017-08-29T12:54:15.039Z&amp;apos;
System info: host: &amp;apos;MANUBIRADAR&amp;apos;, ip: &amp;apos;192.168.0.113&amp;apos;, os.name: &amp;apos;Windows 11&amp;apos;, os.arch: &amp;apos;amd64&amp;apos;, os.version: &amp;apos;10.0&amp;apos;, java.version: &amp;apos;17.0.5&amp;apos;
Driver info: driver.version: RemoteWebDriver
Capabilities [{networkConnectionEnabled=false, chrome={chromedriverVersion=108.0.5359.71 (1e0e3868ee06e91ad636a874420e3ca3ae3756ac-refs/branch-heads/5359@{#1016}), userDataDir=C:\Users\manub\AppData\Local\Temp\scoped_dir5856_950709072}, timeouts={implicit=0, pageLoad=300000, script=30000}, pageLoadStrategy=normal, unhandledPromptBehavior=dismiss and notify, strictFileInteractability=false, platform=XP, proxy=Proxy(), goog:chromeOptions={debuggerAddress=localhost:55828}, webauthn:extension:credBlob=true, acceptInsecureCerts=false, browserVersion=109.0.5414.74, browserName=chrome, javascriptEnabled=true, platformName=XP, setWindowRect=true, webauthn:extension:largeBlob=true, webauthn:virtualAuthenticators=true}]
Session ID: 01a407c2f7089cf701c2e7d0e90d329c">
      <![CDATA[org.openqa.selenium.remote.UnreachableBrowserException: Error communicating with the remote browser. It may have died.
Build info: version: '3.5.3', revision: 'a88d25fe6b', time: '2017-08-29T12:54:15.039Z'
System info: host: 'MANUBIRADAR', ip: '192.168.0.113', os.name: 'Windows 11', os.arch: 'amd64', os.version: '10.0', java.version: '17.0.5'
Driver info: driver.version: RemoteWebDriver
Capabilities [{networkConnectionEnabled=false, chrome={chromedriverVersion=108.0.5359.71 (1e0e3868ee06e91ad636a874420e3ca3ae3756ac-refs/branch-heads/5359@{#1016}), userDataDir=C:\Users\manub\AppData\Local\Temp\scoped_dir5856_950709072}, timeouts={implicit=0, pageLoad=300000, script=30000}, pageLoadStrategy=normal, unhandledPromptBehavior=dismiss and notify, strictFileInteractability=false, platform=XP, proxy=Proxy(), goog:chromeOptions={debuggerAddress=localhost:55828}, webauthn:extension:credBlob=true, acceptInsecureCerts=false, browserVersion=109.0.5414.74, browserName=chrome, javascriptEnabled=true, platformName=XP, setWindowRect=true, webauthn:extension:largeBlob=true, webauthn:virtualAuthenticators=true}]
Session ID: 01a407c2f7089cf701c2e7d0e90d329c
at org.openqa.selenium.remote.RemoteWebDriver.execute(RemoteWebDriver.java:667)
at org.openqa.selenium.remote.RemoteWebDriver.execute(RemoteWebDriver.java:703)
at org.openqa.selenium.remote.RemoteWebDriver.quit(RemoteWebDriver.java:542)
at demoqa.com.LoginTest.afterTest(LoginTest.java:170)
Caused by: java.lang.RuntimeException: Process refused to die after 10 seconds, and couldn't taskkill it: Couldn't detect pid
at org.openqa.selenium.os.ProcessUtils.killWinProcess(ProcessUtils.java:133)
at org.openqa.selenium.os.ProcessUtils.killProcess(ProcessUtils.java:81)
at org.openqa.selenium.os.UnixProcess$SeleniumWatchDog.destroyHarder(UnixProcess.java:265)
at org.openqa.selenium.os.UnixProcess$SeleniumWatchDog.access$200(UnixProcess.java:219)
at org.openqa.selenium.os.UnixProcess.destroy(UnixProcess.java:127)
at org.openqa.selenium.os.CommandLine.destroy(CommandLine.java:153)
at org.openqa.selenium.remote.service.DriverService.stop(DriverService.java:220)
at org.openqa.selenium.remote.service.DriverCommandExecutor.execute(DriverCommandExecutor.java:94)
at org.openqa.selenium.remote.RemoteWebDriver.execute(RemoteWebDriver.java:646)
... 27 more
Caused by: java.lang.RuntimeException: Couldn't detect pid
at org.openqa.selenium.os.ProcessUtils.getProcessId(ProcessUtils.java:195)
at org.openqa.selenium.os.ProcessUtils.killWinProcess(ProcessUtils.java:128)
... 35 more
at org.openqa.selenium.os.ProcessUtils.getProcessId(ProcessUtils.java:181)
... 36 more
... Removed 29 stack frames]]>
    </failure>
  </testcase> <!-- @AfterTest afterTest -->
  <testcase classname="demoqa.com.LoginTest" name="Login_TC10" time="0.522"/>
  <testcase classname="demoqa.com.LoginTest" name="Login_TC04" time="0.0">
    <ignored/>
  </testcase> <!-- Login_TC04 -->
  <testcase classname="demoqa.com.LoginTest" name="Login_TC05" time="0.0">
    <ignored/>
  </testcase> <!-- Login_TC05 -->
  <testcase classname="demoqa.com.LoginTest" name="Login_TC03" time="0.0">
    <ignored/>
  </testcase> <!-- Login_TC03 -->
  <testcase classname="demoqa.com.LoginTest" name="Login_TC08" time="0.0">
    <ignored/>
  </testcase> <!-- Login_TC08 -->
  <testcase classname="demoqa.com.LoginTest" name="Login_TC09" time="0.0">
    <ignored/>
  </testcase> <!-- Login_TC09 -->
  <testcase classname="demoqa.com.LoginTest" name="Login_TC07" time="0.0">
    <ignored/>
  </testcase> <!-- Login_TC07 -->
  <testcase classname="demoqa.com.LoginTest" name="Login_TC02" time="0.0">
    <ignored/>
  </testcase> <!-- Login_TC02 -->
  <testcase classname="demoqa.com.LoginTest" name="Login_TC01" time="0.0">
    <ignored/>
  </testcase> <!-- Login_TC01 -->
  <testcase classname="demoqa.com.LoginTest" name="Login_TC06" time="0.0">
    <ignored/>
  </testcase> <!-- Login_TC06 -->
</testsuite> <!-- Default test(failed) -->
